C51 COMPILER V9.54   MAIN                                                                  06/22/2024 15:22:32 PAGE 1   


C51 COMPILER V9.54, COMPILATION OF MODULE MAIN
OBJECT MODULE PLACED IN .\Objects\main.obj
COMPILER INVOKED BY: E:\keil1\C51\BIN\C51.EXE main.c OPTIMIZE(8,SPEED) BROWSE DEBUG OBJECTEXTEND PRINT(.\Listings\main.l
                    -st) TABS(2) OBJECT(.\Objects\main.obj)

line level    source

   1          #include <REGX52.H>
   2          #include "Delay.h"
   3          #include "LCD1602.h"
   4          #include <intrins.h>
   5          
   6          unsigned char ADValue;
   7          sbit CS   = P3^6;
   8          sbit Clk  = P3^4;
   9          sbit DATI = P3^5;
  10          sbit DATO = P3^5;
  11          char routinetimes;
  12          
  13          unsigned char ADC0832_Read(unsigned char CH)
  14          {
  15   1            unsigned char i,test,adval,dat;
  16   1           adval = 0x00;
  17   1           test = 0x00;
  18   1           Clk = 0;       //初始化
  19   1           DATI = 1;
  20   1          _nop_();
  21   1          CS = 0;
  22   1          _nop_();
  23   1          Clk = 1;
  24   1         _nop_();
  25   1      
  26   1      
  27   1         if ( CH == 0x00 )      //通道选择
  28   1         {
  29   2             Clk = 0;
  30   2             DATI = 1;      //通道0的第一位
  31   2             _nop_();
  32   2            Clk = 1;
  33   2              _nop_();
  34   2              Clk = 0;
  35   2            DATI = 0;      //通道0的第二位
  36   2            _nop_();
  37   2            Clk = 1;
  38   2            _nop_();
  39   2          } 
  40   1          else
  41   1          {
  42   2             Clk = 0;
  43   2          DATI = 1;      //通道1的第一位
  44   2            _nop_();
  45   2            Clk = 1;
  46   2            _nop_();
  47   2            Clk = 0;
  48   2            DATI = 1;      //通道1的第二位
  49   2          _nop_();
  50   2           Clk = 1;
  51   2           _nop_();
  52   2         }
  53   1      
  54   1            Clk = 0;
C51 COMPILER V9.54   MAIN                                                                  06/22/2024 15:22:32 PAGE 2   

  55   1            DATI = 1;
  56   1          for( i = 0;i < 8;i++ )      //读取前8位的值
  57   1          {
  58   2             _nop_();
  59   2             adval <<= 1;
  60   2             Clk = 1;
  61   2             _nop_();
  62   2             Clk = 0;
  63   2             if (DATO)
  64   2                adval |= 0x01;
  65   2            else
  66   2                adval |= 0x00;
  67   2          }
  68   1            for (i = 0; i < 8; i++)      //读取后8位的值
  69   1            {
  70   2                 test >>= 1;
  71   2                 if (DATO)
  72   2                    test |= 0x80;
  73   2                 else 
  74   2                    test |= 0x00;
  75   2                _nop_();
  76   2                Clk = 1;
  77   2                _nop_();
  78   2                Clk = 0;
  79   2            }
  80   1            if (adval == test)      //比较前8位与后8位的值，如果不相同舍去。若一直出现显
             -示为零，请将该行去掉
  81   1             dat = test;
  82   1             nop_();
  83   1             CS = 1;        //释放ADC0832
  84   1             DATO = 1;
  85   1             Clk = 1;
  86   1             return dat;
  87   1      }
  88          
  89          void main(void)
  90          {
  91   1        LCD_Init();
  92   1        while(1)
  93   1        {
  94   2          if (routinetimes==6) routinetimes=0;
  95   2          if (routinetimes==0) P1=0x00;
  96   2          if (routinetimes==1) P1=0x01;
  97   2          if (routinetimes==2) P1=0x02;
  98   2          if (routinetimes==3) P1=0x03;
  99   2          if (routinetimes==4) P1=0x04;
 100   2          if (routinetimes==5) P1=0x05;
 101   2          LCD_ShowString(1,1,"routine");
 102   2          LCD_ShowNum(1,9,routinetimes,1);
 103   2          ADValue=(ADC0832_Read(0x00))*5/255;
 104   2          LCD_ShowSignedNum(2,1,ADValue/1,1);
 105   2          LCD_ShowString(2,3,".");
 106   2          LCD_ShowNum(2,4,(ADC0832_Read(0x00))*500/255-ADValue*100,2);  
 107   2          if (ADValue<2) LCD_ShowString(2,8,"low");
 108   2          if (ADValue>2) LCD_ShowString(2,8,"high");
 109   2          Delay(1500);  
 110   2          LCD_Init();
 111   2          routinetimes++;   
 112   2      //    LCD_ShowChar(1,2,'.');
 113   2      //    LCD_ShowSignedNum(1,1,(ADValue%1)/0.1,1);
 114   2        }
 115   1      }
C51 COMPILER V9.54   MAIN                                                                  06/22/2024 15:22:32 PAGE 3   



MODULE INFORMATION:   STATIC OVERLAYABLE
   CODE SIZE        =    355    ----
   CONSTANT SIZE    =     19    ----
   XDATA SIZE       =   ----    ----
   PDATA SIZE       =   ----    ----
   DATA SIZE        =      2    ----
   IDATA SIZE       =   ----    ----
   BIT SIZE         =   ----    ----
END OF MODULE INFORMATION.


C51 COMPILATION COMPLETE.  0 WARNING(S),  0 ERROR(S)
